<?xml version="1.0" encoding="UTF-8"?>
<!-- Generated by org.testng.reporters.JUnitXMLReporter -->
<testsuite ignored="0" hostname="LAPTOP-3VF10M9V" failures="0" tests="3" name="Default test" time="0.38" errors="0" timestamp="2025-01-30T11:46:06 CST">
  <testcase classname="com.testNG.TestNGAnnotations" name="testcase1" time="0.042"/>
  <testcase classname="com.testNG.TestNGAnnotations" name="testcase2" time="0.01"/>
  <testcase classname="com.testNG.TestNGAnnotations" name="testcase3" time="0.081"/>
</testsuite> <!-- Default test -->
