<?xml version="1.0" encoding="UTF-8"?>
<testng-results ignored="0" total="2" passed="2" failed="0" skipped="0">
  <reporter-output>
  </reporter-output>
  <suite started-at="2025-02-13T15:43:09 CST" name="Default suite" finished-at="2025-02-13T15:43:15 CST" duration-ms="6070">
    <groups>
    </groups>
    <test started-at="2025-02-13T15:43:09 CST" name="Default test" finished-at="2025-02-13T15:43:15 CST" duration-ms="6070">
      <class name="com.testNG.WebTable">
        <test-method is-config="true" signature="beforeSuite()[pri:0, instance:com.testNG.WebTable@61df66b6]" started-at="2025-02-13T15:43:09 CST" name="beforeSuite" finished-at="2025-02-13T15:43:09 CST" duration-ms="9" status="PASS">
          <reporter-output>
          </reporter-output>
        </test-method> <!-- beforeSuite -->
        <test-method is-config="true" signature="beforeTest()[pri:0, instance:com.testNG.WebTable@61df66b6]" started-at="2025-02-13T15:43:09 CST" name="beforeTest" finished-at="2025-02-13T15:43:10 CST" duration-ms="1690" status="PASS">
          <reporter-output>
          </reporter-output>
        </test-method> <!-- beforeTest -->
        <test-method is-config="true" signature="beforeClass()[pri:0, instance:com.testNG.WebTable@61df66b6]" started-at="2025-02-13T15:43:11 CST" name="beforeClass" finished-at="2025-02-13T15:43:11 CST" duration-ms="1" status="PASS">
          <reporter-output>
          </reporter-output>
        </test-method> <!-- beforeClass -->
        <test-method is-config="true" signature="beforeMethod()[pri:0, instance:com.testNG.WebTable@61df66b6]" started-at="2025-02-13T15:43:11 CST" name="beforeMethod" finished-at="2025-02-13T15:43:11 CST" duration-ms="0" status="PASS">
          <reporter-output>
          </reporter-output>
        </test-method> <!-- beforeMethod -->
        <test-method signature="Webtable1()[pri:1, instance:com.testNG.WebTable@61df66b6]" started-at="2025-02-13T15:43:11 CST" name="Webtable1" finished-at="2025-02-13T15:43:12 CST" duration-ms="1007" status="PASS">
          <reporter-output>
          </reporter-output>
        </test-method> <!-- Webtable1 -->
        <test-method is-config="true" signature="afterMethod()[pri:0, instance:com.testNG.WebTable@61df66b6]" started-at="2025-02-13T15:43:12 CST" name="afterMethod" finished-at="2025-02-13T15:43:12 CST" duration-ms="0" status="PASS">
          <reporter-output>
          </reporter-output>
        </test-method> <!-- afterMethod -->
        <test-method signature="Verifytableinfo()[pri:2, instance:com.testNG.WebTable@61df66b6]" started-at="2025-02-13T15:43:12 CST" name="Verifytableinfo" finished-at="2025-02-13T15:43:15 CST" duration-ms="3316" status="PASS">
          <reporter-output>
          </reporter-output>
        </test-method> <!-- Verifytableinfo -->
        <test-method is-config="true" signature="beforeMethod()[pri:0, instance:com.testNG.WebTable@61df66b6]" started-at="2025-02-13T15:43:12 CST" name="beforeMethod" finished-at="2025-02-13T15:43:12 CST" duration-ms="0" status="PASS">
          <reporter-output>
          </reporter-output>
        </test-method> <!-- beforeMethod -->
        <test-method is-config="true" signature="afterMethod()[pri:0, instance:com.testNG.WebTable@61df66b6]" started-at="2025-02-13T15:43:15 CST" name="afterMethod" finished-at="2025-02-13T15:43:15 CST" duration-ms="0" status="PASS">
          <reporter-output>
          </reporter-output>
        </test-method> <!-- afterMethod -->
        <test-method is-config="true" signature="afterTest()[pri:0, instance:com.testNG.WebTable@61df66b6]" started-at="2025-02-13T15:43:15 CST" name="afterTest" finished-at="2025-02-13T15:43:15 CST" duration-ms="0" status="PASS">
          <reporter-output>
          </reporter-output>
        </test-method> <!-- afterTest -->
        <test-method is-config="true" signature="afterClass()[pri:0, instance:com.testNG.WebTable@61df66b6]" started-at="2025-02-13T15:43:15 CST" name="afterClass" finished-at="2025-02-13T15:43:15 CST" duration-ms="0" status="PASS">
          <reporter-output>
          </reporter-output>
        </test-method> <!-- afterClass -->
        <test-method is-config="true" signature="afterSuite()[pri:0, instance:com.testNG.WebTable@61df66b6]" started-at="2025-02-13T15:43:15 CST" name="afterSuite" finished-at="2025-02-13T15:43:15 CST" duration-ms="1" status="PASS">
          <reporter-output>
          </reporter-output>
        </test-method> <!-- afterSuite -->
      </class> <!-- com.testNG.WebTable -->
    </test> <!-- Default test -->
  </suite> <!-- Default suite -->
</testng-results>
