<?xml version="1.0" encoding="UTF-8"?>
<testng-results ignored="0" total="3" passed="3" failed="0" skipped="0">
  <reporter-output>
  </reporter-output>
  <suite started-at="2025-01-30T15:27:16 CST" name="Suite" finished-at="2025-01-30T15:27:16 CST" duration-ms="237">
    <groups>
    </groups>
    <test started-at="2025-01-30T15:27:16 CST" name="Test" finished-at="2025-01-30T15:27:16 CST" duration-ms="237">
      <class name="com.testNG.TestNGAnnotations">
        <test-method is-config="true" signature="beforeSuite()[pri:0, instance:com.testNG.TestNGAnnotations@c33b74f]" started-at="2025-01-30T15:27:16 CST" name="beforeSuite" finished-at="2025-01-30T15:27:16 CST" duration-ms="51" status="PASS">
          <reporter-output>
          </reporter-output>
        </test-method> <!-- beforeSuite -->
        <test-method is-config="true" signature="beforeTest()[pri:0, instance:com.testNG.TestNGAnnotations@c33b74f]" started-at="2025-01-30T15:27:16 CST" name="beforeTest" finished-at="2025-01-30T15:27:16 CST" duration-ms="2" status="PASS">
          <reporter-output>
          </reporter-output>
        </test-method> <!-- beforeTest -->
        <test-method is-config="true" signature="beforeClass()[pri:0, instance:com.testNG.TestNGAnnotations@c33b74f]" started-at="2025-01-30T15:27:16 CST" name="beforeClass" finished-at="2025-01-30T15:27:16 CST" duration-ms="2" status="PASS">
          <reporter-output>
          </reporter-output>
        </test-method> <!-- beforeClass -->
        <test-method is-config="true" signature="beforeMethod()[pri:0, instance:com.testNG.TestNGAnnotations@c33b74f]" started-at="2025-01-30T15:27:16 CST" name="beforeMethod" finished-at="2025-01-30T15:27:16 CST" duration-ms="1" status="PASS">
          <reporter-output>
          </reporter-output>
        </test-method> <!-- beforeMethod -->
        <test-method signature="testcase1()[pri:0, instance:com.testNG.TestNGAnnotations@c33b74f]" started-at="2025-01-30T15:27:16 CST" name="testcase1" finished-at="2025-01-30T15:27:16 CST" duration-ms="33" status="PASS">
          <reporter-output>
          </reporter-output>
        </test-method> <!-- testcase1 -->
        <test-method is-config="true" signature="afterMethod()[pri:0, instance:com.testNG.TestNGAnnotations@c33b74f]" started-at="2025-01-30T15:27:16 CST" name="afterMethod" finished-at="2025-01-30T15:27:16 CST" duration-ms="2" status="PASS">
          <reporter-output>
          </reporter-output>
        </test-method> <!-- afterMethod -->
        <test-method is-config="true" signature="beforeMethod()[pri:0, instance:com.testNG.TestNGAnnotations@c33b74f]" started-at="2025-01-30T15:27:16 CST" name="beforeMethod" finished-at="2025-01-30T15:27:16 CST" duration-ms="1" status="PASS">
          <reporter-output>
          </reporter-output>
        </test-method> <!-- beforeMethod -->
        <test-method signature="testcase2()[pri:0, instance:com.testNG.TestNGAnnotations@c33b74f]" started-at="2025-01-30T15:27:16 CST" name="testcase2" finished-at="2025-01-30T15:27:16 CST" duration-ms="5" status="PASS">
          <reporter-output>
          </reporter-output>
        </test-method> <!-- testcase2 -->
        <test-method is-config="true" signature="afterMethod()[pri:0, instance:com.testNG.TestNGAnnotations@c33b74f]" started-at="2025-01-30T15:27:16 CST" name="afterMethod" finished-at="2025-01-30T15:27:16 CST" duration-ms="1" status="PASS">
          <reporter-output>
          </reporter-output>
        </test-method> <!-- afterMethod -->
        <test-method is-config="true" signature="beforeMethod()[pri:0, instance:com.testNG.TestNGAnnotations@c33b74f]" started-at="2025-01-30T15:27:16 CST" name="beforeMethod" finished-at="2025-01-30T15:27:16 CST" duration-ms="8" status="PASS">
          <reporter-output>
          </reporter-output>
        </test-method> <!-- beforeMethod -->
        <test-method signature="testcase3()[pri:0, instance:com.testNG.TestNGAnnotations@c33b74f]" started-at="2025-01-30T15:27:16 CST" name="testcase3" finished-at="2025-01-30T15:27:16 CST" duration-ms="7" status="PASS">
          <reporter-output>
          </reporter-output>
        </test-method> <!-- testcase3 -->
        <test-method is-config="true" signature="afterMethod()[pri:0, instance:com.testNG.TestNGAnnotations@c33b74f]" started-at="2025-01-30T15:27:16 CST" name="afterMethod" finished-at="2025-01-30T15:27:16 CST" duration-ms="1" status="PASS">
          <reporter-output>
          </reporter-output>
        </test-method> <!-- afterMethod -->
        <test-method is-config="true" signature="afterClass()[pri:0, instance:com.testNG.TestNGAnnotations@c33b74f]" started-at="2025-01-30T15:27:16 CST" name="afterClass" finished-at="2025-01-30T15:27:16 CST" duration-ms="2" status="PASS">
          <reporter-output>
          </reporter-output>
        </test-method> <!-- afterClass -->
        <test-method is-config="true" signature="afterTest()[pri:0, instance:com.testNG.TestNGAnnotations@c33b74f]" started-at="2025-01-30T15:27:16 CST" name="afterTest" finished-at="2025-01-30T15:27:16 CST" duration-ms="0" status="PASS">
          <reporter-output>
          </reporter-output>
        </test-method> <!-- afterTest -->
        <test-method is-config="true" signature="afterSuite()[pri:0, instance:com.testNG.TestNGAnnotations@c33b74f]" started-at="2025-01-30T15:27:16 CST" name="afterSuite" finished-at="2025-01-30T15:27:16 CST" duration-ms="3" status="PASS">
          <reporter-output>
          </reporter-output>
        </test-method> <!-- afterSuite -->
      </class> <!-- com.testNG.TestNGAnnotations -->
    </test> <!-- Test -->
  </suite> <!-- Suite -->
</testng-results>
